2024-01-13T16:21:03.796+05:30  INFO 29768 --- [restartedMain] com.mycompany.MyWebAppApplication        : Starting MyWebAppApplication using Java 21.0.1 with PID 29768 (C:\Users\SubramaS\IdeaProjects\MyWebApp\target\classes started by SubramaS in C:\Users\SubramaS\IdeaProjects\MyWebApp)
2024-01-13T16:21:03.798+05:30 DEBUG 29768 --- [restartedMain] com.mycompany.MyWebAppApplication        : Running with Spring Boot v3.2.0, Spring v6.1.1
2024-01-13T16:21:03.799+05:30  INFO 29768 --- [restartedMain] com.mycompany.MyWebAppApplication        : No active profile set, falling back to 1 default profile: "default"
2024-01-13T16:21:03.867+05:30  INFO 29768 --- [restartedMain] .e.DevToolsPropertyDefaultsPostProcessor : Devtools property defaults active! Set 'spring.devtools.add-properties' to 'false' to disable
2024-01-13T16:21:03.870+05:30  INFO 29768 --- [restartedMain] .e.DevToolsPropertyDefaultsPostProcessor : For additional web related logging consider setting the 'logging.level.web' property to 'DEBUG'
2024-01-13T16:21:04.647+05:30  INFO 29768 --- [restartedMain] .s.d.r.c.RepositoryConfigurationDelegate : Bootstrapping Spring Data JPA repositories in DEFAULT mode.
2024-01-13T16:21:04.720+05:30  INFO 29768 --- [restartedMain] .s.d.r.c.RepositoryConfigurationDelegate : Finished Spring Data repository scanning in 63 ms. Found 1 JPA repository interface.
2024-01-13T16:21:05.599+05:30  INFO 29768 --- [restartedMain] o.s.b.w.embedded.tomcat.TomcatWebServer  : Tomcat initialized with port 8080 (http)
2024-01-13T16:21:05.614+05:30  INFO 29768 --- [restartedMain] o.apache.catalina.core.StandardService   : Starting service [Tomcat]
2024-01-13T16:21:05.615+05:30  INFO 29768 --- [restartedMain] o.apache.catalina.core.StandardEngine    : Starting Servlet engine: [Apache Tomcat/10.1.16]
2024-01-13T16:21:05.714+05:30  INFO 29768 --- [restartedMain] o.a.c.c.C.[Tomcat].[localhost].[/]       : Initializing Spring embedded WebApplicationContext
2024-01-13T16:21:05.714+05:30  INFO 29768 --- [restartedMain] w.s.c.ServletWebServerApplicationContext : Root WebApplicationContext: initialization completed in 1843 ms
2024-01-13T16:21:06.087+05:30  INFO 29768 --- [restartedMain] o.hibernate.jpa.internal.util.LogHelper  : HHH000204: Processing PersistenceUnitInfo [name: default]
2024-01-13T16:21:06.193+05:30  INFO 29768 --- [restartedMain] org.hibernate.Version                    : HHH000412: Hibernate ORM core version 6.3.1.Final
2024-01-13T16:21:06.273+05:30  INFO 29768 --- [restartedMain] o.h.c.internal.RegionFactoryInitiator    : HHH000026: Second-level cache disabled
2024-01-13T16:21:06.709+05:30  INFO 29768 --- [restartedMain] o.s.o.j.p.SpringPersistenceUnitInfo      : No LoadTimeWeaver setup: ignoring JPA class transformer
2024-01-13T16:21:06.764+05:30  INFO 29768 --- [restartedMain] com.zaxxer.hikari.HikariDataSource       : HikariPool-1 - Starting...
2024-01-13T16:21:07.377+05:30  INFO 29768 --- [restartedMain] com.zaxxer.hikari.pool.HikariPool        : HikariPool-1 - Added connection com.mysql.cj.jdbc.ConnectionImpl@518d7717
2024-01-13T16:21:07.381+05:30  INFO 29768 --- [restartedMain] com.zaxxer.hikari.HikariDataSource       : HikariPool-1 - Start completed.
2024-01-13T16:21:08.615+05:30  INFO 29768 --- [restartedMain] o.h.e.t.j.p.i.JtaPlatformInitiator       : HHH000489: No JTA platform available (set 'hibernate.transaction.jta.platform' to enable JTA platform integration)
2024-01-13T16:21:08.670+05:30  INFO 29768 --- [restartedMain] j.LocalContainerEntityManagerFactoryBean : Initialized JPA EntityManagerFactory for persistence unit 'default'
2024-01-13T16:21:09.234+05:30  WARN 29768 --- [restartedMain] JpaBaseConfiguration$JpaWebConfiguration : spring.jpa.open-in-view is enabled by default. Therefore, database queries may be performed during view rendering. Explicitly configure spring.jpa.open-in-view to disable this warning
2024-01-13T16:21:09.275+05:30  INFO 29768 --- [restartedMain] o.s.b.a.w.s.WelcomePageHandlerMapping    : Adding welcome page template: index
2024-01-13T16:21:10.644+05:30  INFO 29768 --- [restartedMain] o.s.b.d.a.OptionalLiveReloadServer       : LiveReload server is running on port 35729
2024-01-13T16:21:10.720+05:30  INFO 29768 --- [restartedMain] o.s.b.w.embedded.tomcat.TomcatWebServer  : Tomcat started on port 8080 (http) with context path ''
2024-01-13T16:21:10.737+05:30  INFO 29768 --- [restartedMain] com.mycompany.MyWebAppApplication        : Started MyWebAppApplication in 7.512 seconds (process running for 8.277)
2024-01-13T16:21:13.956+05:30  INFO 29768 --- [http-nio-8080-exec-1] o.a.c.c.C.[Tomcat].[localhost].[/]       : Initializing Spring DispatcherServlet 'dispatcherServlet'
2024-01-13T16:21:13.957+05:30  INFO 29768 --- [http-nio-8080-exec-1] o.s.web.servlet.DispatcherServlet        : Initializing Servlet 'dispatcherServlet'
2024-01-13T16:21:13.958+05:30  INFO 29768 --- [http-nio-8080-exec-1] o.s.web.servlet.DispatcherServlet        : Completed initialization in 1 ms
2024-01-13T16:21:13.996+05:30  INFO 29768 --- [http-nio-8080-exec-1] com.mycompany.user.userService           : abc
2024-01-13T16:21:14.120+05:30 TRACE 29768 --- [http-nio-8080-exec-1] com.mycompany.user.userController        : list of all users are displayed IN TRACE
2024-01-13T16:21:14.121+05:30  INFO 29768 --- [http-nio-8080-exec-1] com.mycompany.user.userController        : list of all users are displayed
2024-01-13T16:46:30.857+05:30  INFO 29768 --- [SpringApplicationShutdownHook] j.LocalContainerEntityManagerFactoryBean : Closing JPA EntityManagerFactory for persistence unit 'default'
2024-01-13T16:46:30.860+05:30  INFO 29768 --- [SpringApplicationShutdownHook] com.zaxxer.hikari.HikariDataSource       : HikariPool-1 - Shutdown initiated...
2024-01-13T16:46:30.871+05:30  INFO 29768 --- [SpringApplicationShutdownHook] com.zaxxer.hikari.HikariDataSource       : HikariPool-1 - Shutdown completed.
2024-01-13T16:46:36.475+05:30  INFO 30624 --- [restartedMain] com.mycompany.MyWebAppApplication        : Starting MyWebAppApplication using Java 21.0.1 with PID 30624 (C:\Users\SubramaS\IdeaProjects\MyWebApp\target\classes started by SubramaS in C:\Users\SubramaS\IdeaProjects\MyWebApp)
2024-01-13T16:46:36.477+05:30 DEBUG 30624 --- [restartedMain] com.mycompany.MyWebAppApplication        : Running with Spring Boot v3.2.0, Spring v6.1.1
2024-01-13T16:46:36.478+05:30  INFO 30624 --- [restartedMain] com.mycompany.MyWebAppApplication        : No active profile set, falling back to 1 default profile: "default"
2024-01-13T16:46:36.560+05:30  INFO 30624 --- [restartedMain] .e.DevToolsPropertyDefaultsPostProcessor : Devtools property defaults active! Set 'spring.devtools.add-properties' to 'false' to disable
2024-01-13T16:46:36.560+05:30  INFO 30624 --- [restartedMain] .e.DevToolsPropertyDefaultsPostProcessor : For additional web related logging consider setting the 'logging.level.web' property to 'DEBUG'
2024-01-13T16:46:37.525+05:30  INFO 30624 --- [restartedMain] .s.d.r.c.RepositoryConfigurationDelegate : Bootstrapping Spring Data JPA repositories in DEFAULT mode.
2024-01-13T16:46:37.585+05:30  INFO 30624 --- [restartedMain] .s.d.r.c.RepositoryConfigurationDelegate : Finished Spring Data repository scanning in 48 ms. Found 1 JPA repository interface.
2024-01-13T16:46:38.242+05:30  INFO 30624 --- [restartedMain] o.s.b.w.embedded.tomcat.TomcatWebServer  : Tomcat initialized with port 8080 (http)
2024-01-13T16:46:38.254+05:30  INFO 30624 --- [restartedMain] o.apache.catalina.core.StandardService   : Starting service [Tomcat]
2024-01-13T16:46:38.254+05:30  INFO 30624 --- [restartedMain] o.apache.catalina.core.StandardEngine    : Starting Servlet engine: [Apache Tomcat/10.1.16]
2024-01-13T16:46:38.314+05:30  INFO 30624 --- [restartedMain] o.a.c.c.C.[Tomcat].[localhost].[/]       : Initializing Spring embedded WebApplicationContext
2024-01-13T16:46:38.315+05:30  INFO 30624 --- [restartedMain] w.s.c.ServletWebServerApplicationContext : Root WebApplicationContext: initialization completed in 1752 ms
2024-01-13T16:46:38.532+05:30  INFO 30624 --- [restartedMain] o.hibernate.jpa.internal.util.LogHelper  : HHH000204: Processing PersistenceUnitInfo [name: default]
2024-01-13T16:46:38.597+05:30  INFO 30624 --- [restartedMain] org.hibernate.Version                    : HHH000412: Hibernate ORM core version 6.3.1.Final
2024-01-13T16:46:38.638+05:30  INFO 30624 --- [restartedMain] o.h.c.internal.RegionFactoryInitiator    : HHH000026: Second-level cache disabled
2024-01-13T16:46:38.896+05:30  INFO 30624 --- [restartedMain] o.s.o.j.p.SpringPersistenceUnitInfo      : No LoadTimeWeaver setup: ignoring JPA class transformer
2024-01-13T16:46:38.925+05:30  INFO 30624 --- [restartedMain] com.zaxxer.hikari.HikariDataSource       : HikariPool-1 - Starting...
2024-01-13T16:46:39.271+05:30  INFO 30624 --- [restartedMain] com.zaxxer.hikari.pool.HikariPool        : HikariPool-1 - Added connection com.mysql.cj.jdbc.ConnectionImpl@1fb5d1eb
2024-01-13T16:46:39.273+05:30  INFO 30624 --- [restartedMain] com.zaxxer.hikari.HikariDataSource       : HikariPool-1 - Start completed.
2024-01-13T16:46:40.111+05:30  INFO 30624 --- [restartedMain] o.h.e.t.j.p.i.JtaPlatformInitiator       : HHH000489: No JTA platform available (set 'hibernate.transaction.jta.platform' to enable JTA platform integration)
2024-01-13T16:46:40.156+05:30  INFO 30624 --- [restartedMain] j.LocalContainerEntityManagerFactoryBean : Initialized JPA EntityManagerFactory for persistence unit 'default'
2024-01-13T16:46:40.520+05:30  WARN 30624 --- [restartedMain] JpaBaseConfiguration$JpaWebConfiguration : spring.jpa.open-in-view is enabled by default. Therefore, database queries may be performed during view rendering. Explicitly configure spring.jpa.open-in-view to disable this warning
2024-01-13T16:46:40.546+05:30  INFO 30624 --- [restartedMain] o.s.b.a.w.s.WelcomePageHandlerMapping    : Adding welcome page template: index
2024-01-13T16:46:41.314+05:30  INFO 30624 --- [restartedMain] o.s.b.d.a.OptionalLiveReloadServer       : LiveReload server is running on port 35729
2024-01-13T16:46:41.359+05:30  INFO 30624 --- [restartedMain] o.s.b.w.embedded.tomcat.TomcatWebServer  : Tomcat started on port 8080 (http) with context path ''
2024-01-13T16:46:41.370+05:30  INFO 30624 --- [restartedMain] com.mycompany.MyWebAppApplication        : Started MyWebAppApplication in 5.439 seconds (process running for 6.038)
2024-01-13T16:47:45.837+05:30  INFO 30624 --- [http-nio-8080-exec-1] o.a.c.c.C.[Tomcat].[localhost].[/]       : Initializing Spring DispatcherServlet 'dispatcherServlet'
2024-01-13T16:47:45.838+05:30  INFO 30624 --- [http-nio-8080-exec-1] o.s.web.servlet.DispatcherServlet        : Initializing Servlet 'dispatcherServlet'
2024-01-13T16:47:45.840+05:30  INFO 30624 --- [http-nio-8080-exec-1] o.s.web.servlet.DispatcherServlet        : Completed initialization in 2 ms
2024-01-13T16:47:45.880+05:30  INFO 30624 --- [http-nio-8080-exec-1] com.mycompany.user.userService           : abc
2024-01-13T16:47:46.007+05:30 TRACE 30624 --- [http-nio-8080-exec-1] com.mycompany.user.userController        : list of all users are displayed IN TRACE
2024-01-13T16:47:46.007+05:30  INFO 30624 --- [http-nio-8080-exec-1] com.mycompany.user.userController        : list of all users are displayed
2024-01-13T16:47:47.163+05:30  INFO 30624 --- [http-nio-8080-exec-3] com.mycompany.user.userController        : New student is being added
2024-01-13T16:48:30.926+05:30  INFO 30624 --- [http-nio-8080-exec-5] com.mycompany.user.userService           : user saved succesfully
2024-01-13T16:48:30.978+05:30  INFO 30624 --- [http-nio-8080-exec-5] com.mycompany.user.userController        : Student saved succesfully
2024-01-13T16:48:30.995+05:30  INFO 30624 --- [http-nio-8080-exec-6] com.mycompany.user.userService           : abc
2024-01-13T16:48:31.001+05:30 TRACE 30624 --- [http-nio-8080-exec-6] com.mycompany.user.userController        : list of all users are displayed IN TRACE
2024-01-13T16:48:31.001+05:30  INFO 30624 --- [http-nio-8080-exec-6] com.mycompany.user.userController        : list of all users are displayed
2024-01-13T16:48:33.504+05:30  INFO 30624 --- [http-nio-8080-exec-8] com.mycompany.user.userService           : abc
2024-01-13T16:48:33.512+05:30 TRACE 30624 --- [http-nio-8080-exec-8] com.mycompany.user.userController        : list of all users are displayed IN TRACE
2024-01-13T16:48:33.512+05:30  INFO 30624 --- [http-nio-8080-exec-8] com.mycompany.user.userController        : list of all users are displayed
2024-01-13T16:48:34.944+05:30  INFO 30624 --- [http-nio-8080-exec-10] com.mycompany.user.userController        : user edited succesfully
2024-01-13T16:48:38.817+05:30  INFO 30624 --- [http-nio-8080-exec-2] com.mycompany.user.userService           : user saved succesfully
2024-01-13T16:48:38.842+05:30  INFO 30624 --- [http-nio-8080-exec-2] com.mycompany.user.userController        : Student saved succesfully
2024-01-13T16:48:38.848+05:30  INFO 30624 --- [http-nio-8080-exec-3] com.mycompany.user.userService           : abc
2024-01-13T16:48:38.855+05:30 TRACE 30624 --- [http-nio-8080-exec-3] com.mycompany.user.userController        : list of all users are displayed IN TRACE
2024-01-13T16:48:38.855+05:30  INFO 30624 --- [http-nio-8080-exec-3] com.mycompany.user.userController        : list of all users are displayed
2024-01-13T16:48:42.764+05:30  INFO 30624 --- [http-nio-8080-exec-5] com.mycompany.user.userController        : deleted successfully
2024-01-13T16:48:42.825+05:30  INFO 30624 --- [http-nio-8080-exec-6] com.mycompany.user.userService           : abc
2024-01-13T16:48:42.832+05:30 TRACE 30624 --- [http-nio-8080-exec-6] com.mycompany.user.userController        : list of all users are displayed IN TRACE
2024-01-13T16:48:42.832+05:30  INFO 30624 --- [http-nio-8080-exec-6] com.mycompany.user.userController        : list of all users are displayed
2024-01-13T16:48:44.068+05:30  INFO 30624 --- [http-nio-8080-exec-8] com.mycompany.user.userService           : abc
2024-01-13T16:48:44.082+05:30 TRACE 30624 --- [http-nio-8080-exec-8] com.mycompany.user.userController        : list of all users are displayed IN TRACE
2024-01-13T16:48:44.082+05:30  INFO 30624 --- [http-nio-8080-exec-8] com.mycompany.user.userController        : list of all users are displayed
2024-01-13T16:50:18.842+05:30  INFO 30624 --- [SpringApplicationShutdownHook] j.LocalContainerEntityManagerFactoryBean : Closing JPA EntityManagerFactory for persistence unit 'default'
2024-01-13T16:50:18.845+05:30  INFO 30624 --- [SpringApplicationShutdownHook] com.zaxxer.hikari.HikariDataSource       : HikariPool-1 - Shutdown initiated...
2024-01-13T16:50:18.859+05:30  INFO 30624 --- [SpringApplicationShutdownHook] com.zaxxer.hikari.HikariDataSource       : HikariPool-1 - Shutdown completed.
2024-01-13T16:50:22.929+05:30  INFO 21600 --- [restartedMain] com.mycompany.MyWebAppApplication        : Starting MyWebAppApplication using Java 21.0.1 with PID 21600 (C:\Users\SubramaS\IdeaProjects\MyWebApp\target\classes started by SubramaS in C:\Users\SubramaS\IdeaProjects\MyWebApp)
2024-01-13T16:50:22.932+05:30 DEBUG 21600 --- [restartedMain] com.mycompany.MyWebAppApplication        : Running with Spring Boot v3.2.0, Spring v6.1.1
2024-01-13T16:50:22.933+05:30  INFO 21600 --- [restartedMain] com.mycompany.MyWebAppApplication        : No active profile set, falling back to 1 default profile: "default"
2024-01-13T16:50:23.012+05:30  INFO 21600 --- [restartedMain] .e.DevToolsPropertyDefaultsPostProcessor : Devtools property defaults active! Set 'spring.devtools.add-properties' to 'false' to disable
2024-01-13T16:50:23.013+05:30  INFO 21600 --- [restartedMain] .e.DevToolsPropertyDefaultsPostProcessor : For additional web related logging consider setting the 'logging.level.web' property to 'DEBUG'
2024-01-13T16:50:23.814+05:30  INFO 21600 --- [restartedMain] .s.d.r.c.RepositoryConfigurationDelegate : Bootstrapping Spring Data JPA repositories in DEFAULT mode.
2024-01-13T16:50:23.876+05:30  INFO 21600 --- [restartedMain] .s.d.r.c.RepositoryConfigurationDelegate : Finished Spring Data repository scanning in 51 ms. Found 1 JPA repository interface.
2024-01-13T16:50:24.629+05:30  INFO 21600 --- [restartedMain] o.s.b.w.embedded.tomcat.TomcatWebServer  : Tomcat initialized with port 8080 (http)
2024-01-13T16:50:24.644+05:30  INFO 21600 --- [restartedMain] o.apache.catalina.core.StandardService   : Starting service [Tomcat]
2024-01-13T16:50:24.645+05:30  INFO 21600 --- [restartedMain] o.apache.catalina.core.StandardEngine    : Starting Servlet engine: [Apache Tomcat/10.1.16]
2024-01-13T16:50:24.722+05:30  INFO 21600 --- [restartedMain] o.a.c.c.C.[Tomcat].[localhost].[/]       : Initializing Spring embedded WebApplicationContext
2024-01-13T16:50:24.723+05:30  INFO 21600 --- [restartedMain] w.s.c.ServletWebServerApplicationContext : Root WebApplicationContext: initialization completed in 1709 ms
2024-01-13T16:50:24.936+05:30  INFO 21600 --- [restartedMain] o.hibernate.jpa.internal.util.LogHelper  : HHH000204: Processing PersistenceUnitInfo [name: default]
2024-01-13T16:50:24.997+05:30  INFO 21600 --- [restartedMain] org.hibernate.Version                    : HHH000412: Hibernate ORM core version 6.3.1.Final
2024-01-13T16:50:25.032+05:30  INFO 21600 --- [restartedMain] o.h.c.internal.RegionFactoryInitiator    : HHH000026: Second-level cache disabled
2024-01-13T16:50:25.278+05:30  INFO 21600 --- [restartedMain] o.s.o.j.p.SpringPersistenceUnitInfo      : No LoadTimeWeaver setup: ignoring JPA class transformer
2024-01-13T16:50:25.305+05:30  INFO 21600 --- [restartedMain] com.zaxxer.hikari.HikariDataSource       : HikariPool-1 - Starting...
2024-01-13T16:50:25.643+05:30  INFO 21600 --- [restartedMain] com.zaxxer.hikari.pool.HikariPool        : HikariPool-1 - Added connection com.mysql.cj.jdbc.ConnectionImpl@33bc4c76
2024-01-13T16:50:25.645+05:30  INFO 21600 --- [restartedMain] com.zaxxer.hikari.HikariDataSource       : HikariPool-1 - Start completed.
2024-01-13T16:50:26.507+05:30  INFO 21600 --- [restartedMain] o.h.e.t.j.p.i.JtaPlatformInitiator       : HHH000489: No JTA platform available (set 'hibernate.transaction.jta.platform' to enable JTA platform integration)
2024-01-13T16:50:26.550+05:30  INFO 21600 --- [restartedMain] j.LocalContainerEntityManagerFactoryBean : Initialized JPA EntityManagerFactory for persistence unit 'default'
2024-01-13T16:50:26.955+05:30  WARN 21600 --- [restartedMain] JpaBaseConfiguration$JpaWebConfiguration : spring.jpa.open-in-view is enabled by default. Therefore, database queries may be performed during view rendering. Explicitly configure spring.jpa.open-in-view to disable this warning
2024-01-13T16:50:26.984+05:30  INFO 21600 --- [restartedMain] o.s.b.a.w.s.WelcomePageHandlerMapping    : Adding welcome page template: index
2024-01-13T16:50:27.914+05:30  INFO 21600 --- [restartedMain] o.s.b.d.a.OptionalLiveReloadServer       : LiveReload server is running on port 35729
2024-01-13T16:50:27.956+05:30  INFO 21600 --- [restartedMain] o.s.b.w.embedded.tomcat.TomcatWebServer  : Tomcat started on port 8080 (http) with context path ''
2024-01-13T16:50:27.965+05:30  INFO 21600 --- [restartedMain] com.mycompany.MyWebAppApplication        : Started MyWebAppApplication in 5.665 seconds (process running for 6.381)
2024-01-13T16:50:28.074+05:30  INFO 21600 --- [http-nio-8080-exec-1] o.a.c.c.C.[Tomcat].[localhost].[/]       : Initializing Spring DispatcherServlet 'dispatcherServlet'
2024-01-13T16:50:28.074+05:30  INFO 21600 --- [http-nio-8080-exec-1] o.s.web.servlet.DispatcherServlet        : Initializing Servlet 'dispatcherServlet'
2024-01-13T16:50:28.075+05:30  INFO 21600 --- [http-nio-8080-exec-1] o.s.web.servlet.DispatcherServlet        : Completed initialization in 1 ms
2024-01-13T16:50:28.130+05:30  INFO 21600 --- [http-nio-8080-exec-1] com.mycompany.user.userService           : getting list of users
2024-01-13T16:50:28.277+05:30 TRACE 21600 --- [http-nio-8080-exec-1] com.mycompany.user.userController        : list of all users are displayed IN TRACE
2024-01-13T16:50:28.278+05:30  INFO 21600 --- [http-nio-8080-exec-1] com.mycompany.user.userController        : list of all users are displayed
2024-01-13T16:51:16.033+05:30  INFO 21600 --- [SpringApplicationShutdownHook] j.LocalContainerEntityManagerFactoryBean : Closing JPA EntityManagerFactory for persistence unit 'default'
2024-01-13T16:51:16.037+05:30  INFO 21600 --- [SpringApplicationShutdownHook] com.zaxxer.hikari.HikariDataSource       : HikariPool-1 - Shutdown initiated...
2024-01-13T16:51:16.050+05:30  INFO 21600 --- [SpringApplicationShutdownHook] com.zaxxer.hikari.HikariDataSource       : HikariPool-1 - Shutdown completed.
2024-01-13T16:51:20.477+05:30  INFO 29364 --- [restartedMain] com.mycompany.MyWebAppApplication        : Starting MyWebAppApplication using Java 21.0.1 with PID 29364 (C:\Users\SubramaS\IdeaProjects\MyWebApp\target\classes started by SubramaS in C:\Users\SubramaS\IdeaProjects\MyWebApp)
2024-01-13T16:51:20.478+05:30 DEBUG 29364 --- [restartedMain] com.mycompany.MyWebAppApplication        : Running with Spring Boot v3.2.0, Spring v6.1.1
2024-01-13T16:51:20.479+05:30  INFO 29364 --- [restartedMain] com.mycompany.MyWebAppApplication        : No active profile set, falling back to 1 default profile: "default"
2024-01-13T16:51:20.553+05:30  INFO 29364 --- [restartedMain] .e.DevToolsPropertyDefaultsPostProcessor : Devtools property defaults active! Set 'spring.devtools.add-properties' to 'false' to disable
2024-01-13T16:51:20.553+05:30  INFO 29364 --- [restartedMain] .e.DevToolsPropertyDefaultsPostProcessor : For additional web related logging consider setting the 'logging.level.web' property to 'DEBUG'
2024-01-13T16:51:21.730+05:30  INFO 29364 --- [restartedMain] .s.d.r.c.RepositoryConfigurationDelegate : Bootstrapping Spring Data JPA repositories in DEFAULT mode.
2024-01-13T16:51:21.820+05:30  INFO 29364 --- [restartedMain] .s.d.r.c.RepositoryConfigurationDelegate : Finished Spring Data repository scanning in 74 ms. Found 1 JPA repository interface.
2024-01-13T16:51:22.941+05:30  INFO 29364 --- [restartedMain] o.s.b.w.embedded.tomcat.TomcatWebServer  : Tomcat initialized with port 8080 (http)
2024-01-13T16:51:22.959+05:30  INFO 29364 --- [restartedMain] o.apache.catalina.core.StandardService   : Starting service [Tomcat]
2024-01-13T16:51:22.959+05:30  INFO 29364 --- [restartedMain] o.apache.catalina.core.StandardEngine    : Starting Servlet engine: [Apache Tomcat/10.1.16]
2024-01-13T16:51:23.061+05:30  INFO 29364 --- [restartedMain] o.a.c.c.C.[Tomcat].[localhost].[/]       : Initializing Spring embedded WebApplicationContext
2024-01-13T16:51:23.061+05:30  INFO 29364 --- [restartedMain] w.s.c.ServletWebServerApplicationContext : Root WebApplicationContext: initialization completed in 2507 ms
2024-01-13T16:51:23.409+05:30  INFO 29364 --- [restartedMain] o.hibernate.jpa.internal.util.LogHelper  : HHH000204: Processing PersistenceUnitInfo [name: default]
2024-01-13T16:51:23.517+05:30  INFO 29364 --- [restartedMain] org.hibernate.Version                    : HHH000412: Hibernate ORM core version 6.3.1.Final
2024-01-13T16:51:23.589+05:30  INFO 29364 --- [restartedMain] o.h.c.internal.RegionFactoryInitiator    : HHH000026: Second-level cache disabled
2024-01-13T16:51:24.027+05:30  INFO 29364 --- [restartedMain] o.s.o.j.p.SpringPersistenceUnitInfo      : No LoadTimeWeaver setup: ignoring JPA class transformer
2024-01-13T16:51:24.076+05:30  INFO 29364 --- [restartedMain] com.zaxxer.hikari.HikariDataSource       : HikariPool-1 - Starting...
2024-01-13T16:51:24.632+05:30  INFO 29364 --- [restartedMain] com.zaxxer.hikari.pool.HikariPool        : HikariPool-1 - Added connection com.mysql.cj.jdbc.ConnectionImpl@1780f714
2024-01-13T16:51:24.637+05:30  INFO 29364 --- [restartedMain] com.zaxxer.hikari.HikariDataSource       : HikariPool-1 - Start completed.
2024-01-13T16:51:25.927+05:30  INFO 29364 --- [restartedMain] o.h.e.t.j.p.i.JtaPlatformInitiator       : HHH000489: No JTA platform available (set 'hibernate.transaction.jta.platform' to enable JTA platform integration)
2024-01-13T16:51:25.976+05:30  INFO 29364 --- [restartedMain] j.LocalContainerEntityManagerFactoryBean : Initialized JPA EntityManagerFactory for persistence unit 'default'
2024-01-13T16:51:26.444+05:30  WARN 29364 --- [restartedMain] JpaBaseConfiguration$JpaWebConfiguration : spring.jpa.open-in-view is enabled by default. Therefore, database queries may be performed during view rendering. Explicitly configure spring.jpa.open-in-view to disable this warning
2024-01-13T16:51:26.493+05:30  INFO 29364 --- [restartedMain] o.s.b.a.w.s.WelcomePageHandlerMapping    : Adding welcome page template: index
2024-01-13T16:51:27.801+05:30  INFO 29364 --- [restartedMain] o.s.b.d.a.OptionalLiveReloadServer       : LiveReload server is running on port 35729
2024-01-13T16:51:27.870+05:30  INFO 29364 --- [restartedMain] o.s.b.w.embedded.tomcat.TomcatWebServer  : Tomcat started on port 8080 (http) with context path ''
2024-01-13T16:51:27.884+05:30  INFO 29364 --- [restartedMain] com.mycompany.MyWebAppApplication        : Started MyWebAppApplication in 7.963 seconds (process running for 8.726)
